#
# An unexpected error has been detected by Java Runtime Environment:
#
#  EXCEPTION_ACCESS_VIOLATION (0xc0000005) at pc=0x7c911766, pid=3996, tid=2520
#
# Java VM: Java HotSpot(TM) Client VM (1.6.0-b105 mixed mode)
# Problematic frame:
# C  [ntdll.dll+0x11766]
#
# If you would like to submit a bug report, please visit:
#   http://java.sun.com/webapps/bugreport/crash.jsp
#

---------------  T H R E A D  ---------------

Current thread (0x5cc29000):  JavaThread "Thread-46" [_thread_in_native, id=2520]

siginfo: ExceptionCode=0xc0000005, reading address 0x006b0070

Registers:
EAX=0x00050190, EBX=0x00050000, ECX=0x7ffaa000, EDX=0x00050608
ESP=0x14ddcfd4, EBP=0x14ddd1f4, ESI=0x006b006b, EDI=0x00000003
EIP=0x7c911766, EFLAGS=0x00010212

Top of Stack: (sp=0x14ddcfd4)
0x14ddcfd4:   00000000 00000000 8007000e 14ddd48c
0x14ddcfe4:   14ddcff8 77c431bd 00000072 00000020
0x14ddcff4:   fffffff5 14ddd474 77c43b8f 00000000
0x14ddd004:   14ddd51c 0000012b 77c43bef 00000000
0x14ddd014:   0000cbb9 14ddd050 77c40017 14ddd030
0x14ddd024:   77f6abf0 14ddd0a0 0000012b 14ddd115
0x14ddd034:   000001fc 14ddd0bc 00000042 0000007d
0x14ddd044:   14ddd4f0 0000cbb9 00000000 14ddd074 

Instructions: (pc=0x7c911766)
0x7c911756:   04 00 e9 e8 f2 ff ff 8b 70 04 83 ee 08 89 75 c8
0x7c911766:   8a 46 05 88 45 e3 8d 4e 08 8b 39 89 bd 48 fe ff 


Stack: [0x14d60000,0x14de0000),  sp=0x14ddcfd4,  free space=499k
Native frames: (J=compiled Java code, j=interpreted, Vv=VM code, C=native code)
C  [ntdll.dll+0x11766]
C  [kernel32.dll+0x9a7f]
C  [SHLWAPI.dll+0x45e6]
C  [SHLWAPI.dll+0xa01d]
C  [SHELL32.dll+0x43d78]
C  [SHELL32.dll+0x43d30]
C  [SHLWAPI.dll+0xb171]
C  [SHELL32.dll+0x43cb5]
C  [SHELL32.dll+0x434af]
C  [SHELL32.dll+0x33bc7]
C  [SHELL32.dll+0x43a26]
C  [SHELL32.dll+0x6d248]
C  [SHELL32.dll+0x6b0d7]
C  [comdlg32.dll+0x2a4e1]
C  [comdlg32.dll+0x2bb68]
C  [comdlg32.dll+0x2bc6e]
C  [comdlg32.dll+0x2c211]
C  [comdlg32.dll+0xc235]
C  [comdlg32.dll+0x35fa]
C  [USER32.dll+0x8734]
C  [USER32.dll+0x1413c]
C  [USER32.dll+0x13b30]
C  [USER32.dll+0x13d5c]
C  [USER32.dll+0x8734]
C  [USER32.dll+0x8816]
C  [USER32.dll+0x1927b]
C  [USER32.dll+0x1651a]
C  [USER32.dll+0x149b1]
C  [USER32.dll+0x14a06]
C  [USER32.dll+0x2208d]
C  [comdlg32.dll+0x355f]
C  [comdlg32.dll+0x2dad7]
C  [comdlg32.dll+0x3349]
C  [comdlg32.dll+0x31b7]
C  [comdlg32.dll+0x17c22]

Java frames: (J=compiled Java code, j=interpreted, Vv=VM code)
j  com.mathworks.util.NativeJava.createWindowsFileDialogMulti(JZLjava/lang/String;Ljava/lang/String;Ljava/lang/String;Ljava/lang/String;ZZLjava/lang/String;)Ljava/lang/String;+0
j  com.mathworks.mwswing.MJFileChooserPerPlatform$RunnableWindowsDispatch.run()V+33
j  java.lang.Thread.run()V+11
v  ~StubRoutines::call_stub

---------------  P R O C E S S  ---------------

Java Threads: ( => current thread )
=>0x5cc29000 JavaThread "Thread-46" [_thread_in_native, id=2520]
  0x5d22ec00 JavaThread "Prefs Updater" [_thread_blocked, id=488]
  0x5ca11000 JavaThread "Thread-13" [_thread_blocked, id=1552]
  0x5cc7b400 JavaThread "Thread-12" [_thread_blocked, id=1312]
  0x5ca0c400 JavaThread "Thread-11" [_thread_blocked, id=3092]
  0x5c9c6000 JavaThread "Thread-10" [_thread_blocked, id=3468]
  0x5c94e000 JavaThread "Thread-9" [_thread_blocked, id=1232]
  0x5c961800 JavaThread "Thread-8" [_thread_blocked, id=3668]
  0x5c995000 JavaThread "Thread-7" [_thread_blocked, id=3432]
  0x5c9ae000 JavaThread "Thread-6" [_thread_blocked, id=1168]
  0x5c942400 JavaThread "Active Reference Queue Daemon" daemon [_thread_blocked, id=3332]
  0x5c8fcc00 JavaThread "Timer-2" daemon [_thread_blocked, id=1740]
  0x5c963800 JavaThread "Timer-1" daemon [_thread_blocked, id=1272]
  0x5cbbfc00 JavaThread "TimerQueue" daemon [_thread_blocked, id=3576]
  0x5cb7c000 JavaThread "AWT-EventQueue-0" [_thread_blocked, id=3216]
  0x5cb27400 JavaThread "Timer-0" [_thread_blocked, id=3896]
  0x5cb1f800 JavaThread "AWT-Windows" daemon [_thread_in_native, id=1140]
  0x5b60c800 JavaThread "AWT-Shutdown" [_thread_blocked, id=3452]
  0x5b68ec00 JavaThread "Java2D Disposer" daemon [_thread_blocked, id=3540]
  0x11e90400 JavaThread "Low Memory Detector" daemon [_thread_blocked, id=3376]
  0x11e8b800 JavaThread "CompilerThread0" daemon [_thread_blocked, id=3760]
  0x11e8a800 JavaThread "Attach Listener" daemon [_thread_blocked, id=1856]
  0x11e89c00 JavaThread "Signal Dispatcher" daemon [_thread_blocked, id=2956]
  0x11e78400 JavaThread "Finalizer" daemon [_thread_blocked, id=2024]
  0x11e77400 JavaThread "Reference Handler" daemon [_thread_blocked, id=1384]
  0x03c6b800 JavaThread "main" [_thread_in_native, id=3044]

Other Threads:
  0x11e74400 VMThread [id=3392]
  0x11e9b000 WatcherThread [id=2076]

VM state:not at safepoint (normal execution)

VM Mutex/Monitor currently owned by a thread: None

Heap
 def new generation   total 14848K, used 12602K [0x05d20000, 0x06d30000, 0x07d20000)
  eden space 13248K,  94% used [0x05d20000, 0x069693d0, 0x06a10000)
  from space 1600K,   1% used [0x06a10000, 0x06a15448, 0x06ba0000)
  to   space 1600K,   0% used [0x06ba0000, 0x06ba0000, 0x06d30000)
 tenured generation   total 49152K, used 30343K [0x07d20000, 0x0ad20000, 0x0dd20000)
   the space 49152K,  61% used [0x07d20000, 0x09ac1ff0, 0x09ac2000, 0x0ad20000)
 compacting perm gen  total 32768K, used 27383K [0x0dd20000, 0x0fd20000, 0x11d20000)
   the space 32768K,  83% used [0x0dd20000, 0x0f7ddff0, 0x0f7de000, 0x0fd20000)
No shared spaces configured.

Dynamic libraries:
0x00400000 - 0x004eb000 	C:\Program Files\MATLAB\R2007b\bin\win32\MATLAB.exe
0x7c900000 - 0x7c9b2000 	C:\WINDOWS\system32\ntdll.dll
0x7c800000 - 0x7c8f6000 	C:\WINDOWS\system32\kernel32.dll
0x7aca0000 - 0x7aeba000 	C:\Program Files\MATLAB\R2007b\bin\win32\libmwservices.dll
0x7aec0000 - 0x7af1d000 	C:\Program Files\MATLAB\R2007b\bin\win32\libmwmathutil.dll
0x7ac50000 - 0x7ac9f000 	C:\Program Files\MATLAB\R2007b\bin\win32\libmx.dll
0x7ab80000 - 0x7ac4e000 	C:\Program Files\MATLAB\R2007b\bin\win32\libut.dll
0x76c90000 - 0x76cb8000 	C:\WINDOWS\system32\imagehlp.dll
0x77c10000 - 0x77c68000 	C:\WINDOWS\system32\msvcrt.dll
0x76bf0000 - 0x76bfb000 	C:\WINDOWS\system32\PSAPI.DLL
0x789a0000 - 0x78b62000 	C:\Program Files\MATLAB\R2007b\bin\win32\xerces-c_2_7.dll
0x7af20000 - 0x7aff7000 	C:\Program Files\MATLAB\R2007b\bin\win32\icuuc36.dll
0x77dd0000 - 0x77e6b000 	C:\WINDOWS\system32\ADVAPI32.dll
0x77e70000 - 0x77f03000 	C:\WINDOWS\system32\RPCRT4.dll
0x77fe0000 - 0x77ff1000 	C:\WINDOWS\system32\Secur32.dll
0x7a770000 - 0x7a774000 	C:\Program Files\MATLAB\R2007b\bin\win32\icudt36.dll
0x78130000 - 0x781cb000 	C:\WINDOWS\WinSxS\x86_Microsoft.VC80.CRT_1fc8b3b9a1e18e3b_8.0.50727.5592_x-ww_179798c8\MSVCR80.dll
0x71ab0000 - 0x71ac7000 	C:\WINDOWS\system32\WS2_32.dll
0x71aa0000 - 0x71aa8000 	C:\WINDOWS\system32\WS2HELP.dll
0x7a9e0000 - 0x7aaa2000 	C:\Program Files\MATLAB\R2007b\bin\win32\icuin36.dll
0x7a780000 - 0x7a78c000 	C:\Program Files\MATLAB\R2007b\bin\win32\icuio36.dll
0x7c420000 - 0x7c4a7000 	C:\WINDOWS\WinSxS\x86_Microsoft.VC80.CRT_1fc8b3b9a1e18e3b_8.0.50727.5592_x-ww_179798c8\MSVCP80.dll
0x7e410000 - 0x7e4a1000 	C:\WINDOWS\system32\USER32.dll
0x77f10000 - 0x77f59000 	C:\WINDOWS\system32\GDI32.dll
0x78620000 - 0x78632000 	C:\Program Files\MATLAB\R2007b\bin\win32\zlib1.dll
0x79120000 - 0x79154000 	C:\Program Files\MATLAB\R2007b\bin\win32\mpath.dll
0x5d090000 - 0x5d12a000 	C:\WINDOWS\system32\COMCTL32.dll
0x763b0000 - 0x763f9000 	C:\WINDOWS\system32\comdlg32.dll
0x7c9c0000 - 0x7d1d7000 	C:\WINDOWS\system32\SHELL32.dll
0x77f60000 - 0x77fd6000 	C:\WINDOWS\system32\SHLWAPI.dll
0x5b860000 - 0x5b8b5000 	C:\WINDOWS\system32\NETAPI32.dll
0x796e0000 - 0x79713000 	C:\Program Files\MATLAB\R2007b\bin\win32\mcr.dll
0x78500000 - 0x78518000 	C:\Program Files\MATLAB\R2007b\bin\win32\bridge.dll
0x7a790000 - 0x7a79d000 	C:\Program Files\MATLAB\R2007b\bin\win32\iqm.dll
0x7a7b0000 - 0x7a7be000 	C:\Program Files\MATLAB\R2007b\bin\win32\libmex.dll
0x79550000 - 0x795a4000 	C:\Program Files\MATLAB\R2007b\bin\win32\m_dispatcher.dll
0x78520000 - 0x7853c000 	C:\Program Files\MATLAB\R2007b\bin\win32\datasvcs.dll
0x79c60000 - 0x7a0f2000 	C:\Program Files\MATLAB\R2007b\bin\win32\m_interpreter.dll
0x78540000 - 0x78560000 	C:\Program Files\MATLAB\R2007b\bin\win32\libmat.dll
0x7aab0000 - 0x7ab78000 	C:\Program Files\MATLAB\R2007b\bin\win32\libhdf5.dll
0x7a810000 - 0x7a819000 	C:\Program Files\MATLAB\R2007b\bin\win32\libmwmathrng.dll
0x790e0000 - 0x79111000 	C:\Program Files\MATLAB\R2007b\bin\win32\m_ir.dll
0x79790000 - 0x79c58000 	C:\Program Files\MATLAB\R2007b\bin\win32\m_parser.dll
0x7a7a0000 - 0x7a7ac000 	C:\Program Files\MATLAB\R2007b\bin\win32\ir_xfmr.dll
0x782e0000 - 0x783df000 	C:\Program Files\MATLAB\R2007b\bin\win32\mcos.dll
0x7a840000 - 0x7a84a000 	C:\Program Files\MATLAB\R2007b\bin\win32\mtok.dll
0x78580000 - 0x78595000 	C:\Program Files\MATLAB\R2007b\bin\win32\m_pcodegen.dll
0x785a0000 - 0x785b2000 	C:\Program Files\MATLAB\R2007b\bin\win32\m_pcodeio.dll
0x79460000 - 0x794a7000 	C:\Program Files\MATLAB\R2007b\bin\win32\profiler.dll
0x7a760000 - 0x7a76d000 	C:\Program Files\MATLAB\R2007b\bin\win32\boost_thread-vc80-mt-1_33_1.dll
0x7a640000 - 0x7a6c8000 	C:\Program Files\MATLAB\R2007b\bin\win32\udd.dll
0x79410000 - 0x79458000 	C:\Program Files\MATLAB\R2007b\bin\win32\comcli.dll
0x79020000 - 0x79055000 	C:\Program Files\MATLAB\R2007b\bin\win32\jmi.dll
0x71ad0000 - 0x71ad9000 	C:\WINDOWS\system32\WSOCK32.dll
0x7a6d0000 - 0x7a75b000 	C:\Program Files\MATLAB\R2007b\bin\win32\uiw.dll
0x7b000000 - 0x7b0d6000 	C:\Program Files\MATLAB\R2007b\bin\win32\libmwgui.dll
0x78d40000 - 0x78d6a000 	C:\Program Files\MATLAB\R2007b\bin\win32\libmwhardcopy.dll
0x790a0000 - 0x790d2000 	C:\Program Files\MATLAB\R2007b\bin\win32\libuij.dll
0x7a880000 - 0x7a889000 	C:\Program Files\MATLAB\R2007b\bin\win32\uinone.dll
0x781d0000 - 0x782df000 	C:\WINDOWS\WinSxS\x86_Microsoft.VC80.MFC_1fc8b3b9a1e18e3b_8.0.50727.5592_x-ww_e87e0bcd\MFC80.DLL
0x73000000 - 0x73026000 	C:\WINDOWS\system32\WINSPOOL.DRV
0x774e0000 - 0x7761e000 	C:\WINDOWS\system32\ole32.dll
0x77120000 - 0x771ab000 	C:\WINDOWS\system32\OLEAUT32.dll
0x7c630000 - 0x7c64b000 	C:\WINDOWS\WinSxS\x86_Microsoft.VC80.ATL_1fc8b3b9a1e18e3b_8.0.50727.5592_x-ww_7837863c\ATL80.DLL
0x78680000 - 0x787e8000 	C:\Program Files\MATLAB\R2007b\bin\win32\hg.dll
0x787f0000 - 0x7899e000 	C:\Program Files\MATLAB\R2007b\bin\win32\numerics.dll
0x7a7c0000 - 0x7a7c7000 	C:\Program Files\MATLAB\R2007b\bin\win32\libmwamd.dll
0x794b0000 - 0x79508000 	C:\Program Files\MATLAB\R2007b\bin\win32\libmwcholmod.dll
0x7a7f0000 - 0x7a7f7000 	C:\Program Files\MATLAB\R2007b\bin\win32\libmwcolamd.dll
0x78560000 - 0x7857a000 	C:\Program Files\MATLAB\R2007b\bin\win32\libmwlapack.dll
0x7a7d0000 - 0x7a7dc000 	C:\Program Files\MATLAB\R2007b\bin\win32\libmwbinder.dll
0x7a7e0000 - 0x7a7e9000 	C:\Program Files\MATLAB\R2007b\bin\win32\libmwblas.dll
0x7a800000 - 0x7a807000 	C:\Program Files\MATLAB\R2007b\bin\win32\libmwcsparse.dll
0x78d70000 - 0x78d96000 	C:\Program Files\MATLAB\R2007b\bin\win32\libmwma57.dll
0x7a930000 - 0x7a9d9000 	C:\Program Files\MATLAB\R2007b\bin\win32\libifcoremd.dll
0x79160000 - 0x7940c000 	C:\Program Files\MATLAB\R2007b\bin\win32\libmmd.dll
0x79670000 - 0x796dc000 	C:\Program Files\MATLAB\R2007b\bin\win32\libmwumfpack.dll
0x7a5b0000 - 0x7a638000 	C:\Program Files\MATLAB\R2007b\bin\win32\libfftw3.dll
0x7a890000 - 0x7a92c000 	C:\Program Files\MATLAB\R2007b\bin\win32\libfftw3f.dll
0x7a830000 - 0x7a83b000 	C:\Program Files\MATLAB\R2007b\bin\win32\mlautoregister.dll
0x785c0000 - 0x785d2000 	C:\Program Files\MATLAB\R2007b\bin\win32\mwoles05.DLL
0x79720000 - 0x79785000 	C:\Program Files\MATLAB\R2007b\bin\win32\udd_mi.dll
0x76390000 - 0x763ad000 	C:\WINDOWS\system32\IMM32.DLL
0x629c0000 - 0x629c9000 	C:\WINDOWS\system32\LPK.DLL
0x74d90000 - 0x74dfb000 	C:\WINDOWS\system32\USP10.dll
0x773d0000 - 0x774d3000 	C:\WINDOWS\WinSxS\x86_Microsoft.Windows.Common-Controls_6595b64144ccf1df_6.0.2600.6028_x-ww_61e65202\comctl32.dll
0x7a100000 - 0x7a5b0000 	C:\Program Files\MATLAB\R2007b\bin\win32\mllapack.dll
0x7b3f0000 - 0x7bcc7000 	C:\Program Files\MATLAB\R2007b\bin\win32\mkl.dll
0x79060000 - 0x79095000 	C:\Program Files\MATLAB\R2007b\bin\win32\libguide40.dll
0x7b0e0000 - 0x7b0e5000 	C:\Program Files\MATLAB\R2007b\bin\win32\mklcompat.dll
0x5ad70000 - 0x5ada8000 	C:\WINDOWS\system32\uxtheme.dll
0x74720000 - 0x7476c000 	C:\WINDOWS\system32\MSCTF.dll
0x755c0000 - 0x755ee000 	C:\WINDOWS\system32\msctfime.ime
0x74290000 - 0x74294000 	C:\WINDOWS\system32\icmp.Dll
0x76d60000 - 0x76d79000 	C:\WINDOWS\system32\iphlpapi.dll
0x71a50000 - 0x71a8f000 	C:\WINDOWS\System32\mswsock.dll
0x76f20000 - 0x76f47000 	C:\WINDOWS\system32\DNSAPI.dll
0x76fb0000 - 0x76fb8000 	C:\WINDOWS\System32\winrnr.dll
0x76f60000 - 0x76f8c000 	C:\WINDOWS\system32\WLDAP32.dll
0x023e0000 - 0x02405000 	C:\Program Files\Bonjour\mdnsNSP.dll
0x76fc0000 - 0x76fc6000 	C:\WINDOWS\system32\rasadhlp.dll
0x662b0000 - 0x66308000 	C:\WINDOWS\system32\hnetcfg.dll
0x71a90000 - 0x71a98000 	C:\WINDOWS\System32\wshtcpip.dll
0x78dd0000 - 0x79017000 	C:\Program Files\MATLAB\R2007b\sys\java\jre\win32\jre1.6.0\bin\client\jvm.dll
0x76b40000 - 0x76b6d000 	C:\WINDOWS\system32\WINMM.dll
0x795b0000 - 0x79606000 	C:\Program Files\MATLAB\R2007b\bin\win32\MSVCR71.dll
0x79510000 - 0x79518000 	C:\Program Files\MATLAB\R2007b\sys\java\jre\win32\jre1.6.0\bin\hpi.dll
0x79530000 - 0x7953c000 	C:\Program Files\MATLAB\R2007b\sys\java\jre\win32\jre1.6.0\bin\verify.dll
0x78640000 - 0x7865f000 	C:\Program Files\MATLAB\R2007b\sys\java\jre\win32\jre1.6.0\bin\java.dll
0x79540000 - 0x7954f000 	C:\Program Files\MATLAB\R2007b\sys\java\jre\win32\jre1.6.0\bin\zip.dll
0x78b70000 - 0x78d33000 	C:\Program Files\MATLAB\R2007b\sys\java\jre\win32\jre1.6.0\bin\awt.dll
0x785e0000 - 0x785f2000 	C:\Program Files\MATLAB\R2007b\bin\win32\nativejava.dll
0x78600000 - 0x78611000 	C:\Program Files\MATLAB\R2007b\bin\win32\nativejmi.dll
0x7a870000 - 0x7a876000 	C:\Program Files\MATLAB\R2007b\bin\win32\nativeservices.dll
0x79610000 - 0x79663000 	C:\Program Files\MATLAB\R2007b\sys\java\jre\win32\jre1.6.0\bin\fontmanager.dll
0x78660000 - 0x78673000 	C:\Program Files\MATLAB\R2007b\sys\java\jre\win32\jre1.6.0\bin\net.dll
0x79520000 - 0x79529000 	C:\Program Files\MATLAB\R2007b\sys\java\jre\win32\jre1.6.0\bin\nio.dll
0x6f470000 - 0x6f477000 	C:\Program Files\MATLAB\R2007b\bin\win32\nativemlint.dll
0x6e6a0000 - 0x6e6da000 	C:\Program Files\MATLAB\R2007b\bin\win32\mlint.dll
0x7a860000 - 0x7a866000 	C:\Program Files\MATLAB\R2007b\bin\win32\nativelex.dll
0x7a850000 - 0x7a85c000 	C:\Program Files\MATLAB\R2007b\bin\win32\nativecmdwin.dll
0x605d0000 - 0x605d9000 	C:\WINDOWS\system32\mslbui.dll
0x78da0000 - 0x78dc3000 	C:\Program Files\MATLAB\R2007b\sys\java\jre\win32\jre1.6.0\bin\dcpr.dll
0x68600000 - 0x6877e000 	C:\WINDOWS\System32\spool\DRIVERS\W32X86\3\KGAN6U2.dll
0x783e0000 - 0x784fa000 	C:\Program Files\MATLAB\R2007b\bin\win32\libmwbuiltins.dll
0x77c00000 - 0x77c08000 	C:\WINDOWS\system32\VERSION.dll
0x68000000 - 0x68036000 	C:\WINDOWS\system32\rsaenh.dll
0x769c0000 - 0x76a74000 	C:\WINDOWS\system32\USERENV.dll

VM Arguments:
jvm_args: -Xss512k -XX:PermSize=32M -Xms64m -XX:NewRatio=3 -XX:MaxPermSize=64M -Xmx128m -XX:MaxDirectMemorySize=1200000000 -Dsun.java2d.noddraw=true -Dsun.awt.nopixfmt=true -Xshare:off -Djava.library.path=C:\Program Files\MATLAB\R2007b\bin\win32 vfprintf abort
java_command: <unknown>
Launcher Type: generic

Environment Variables:
CLASSPATH=.;C:\Program Files\Belgium Identity Card;C:\Program Files\Java\jre1.6.0_07\lib\ext\QTJava.zip

[error occurred during error reporting, step 220, id 0xc0000005]



---------------  S Y S T E M  ---------------

OS: Windows XP Build 2600 Service Pack 3

CPU:total 4 family 6, cmov, cx8, fxsr, mmx, sse, sse2

Memory: 4k page, physical 3665144k(2097124k free), swap 4194303k(3754796k free)

vm_info: Java HotSpot(TM) Client VM (1.6.0-b105) for windows-x86, built on Nov 29 2006 00:48:48 by "java_re" with unknown MS VC++:1310

